\BOOKMARK [0][-]{chapter.1}{Introduction}{}% 1
\BOOKMARK [1][-]{section.1.1}{Quantum computing and quantum bits}{chapter.1}% 2
\BOOKMARK [0][-]{chapter.2}{Theory}{}% 3
\BOOKMARK [1][-]{section.2.1}{The transmon qubit}{chapter.2}% 4
\BOOKMARK [2][-]{subsection.2.1.1}{Energy in an LC-circuit}{section.2.1}% 5
\BOOKMARK [1][-]{section.2.2}{Electric fields}{chapter.2}% 6
\BOOKMARK [2][-]{subsection.2.2.1}{Boundary conditions}{section.2.2}% 7
\BOOKMARK [2][-]{subsection.2.2.2}{Stored energy}{section.2.2}% 8
\BOOKMARK [1][-]{section.2.3}{Sources of decoherence}{chapter.2}% 9
\BOOKMARK [2][-]{subsection.2.3.1}{Perfect Electric Conductor}{section.2.3}% 10
\BOOKMARK [2][-]{subsection.2.3.2}{Dielectric loss}{section.2.3}% 11
\BOOKMARK [1][-]{section.2.4}{The participation ratio}{chapter.2}% 12
\BOOKMARK [0][-]{chapter.3}{Model of the system}{}% 13
\BOOKMARK [1][-]{section.3.1}{Model of the transmon qubit}{chapter.3}% 14
\BOOKMARK [2][-]{subsection.3.1.1}{Lossy layers}{section.3.1}% 15
\BOOKMARK [1][-]{section.3.2}{The qubit as an LC-circuit}{chapter.3}% 16
\BOOKMARK [1][-]{section.3.3}{Simplified model for CST}{chapter.3}% 17
\BOOKMARK [1][-]{section.3.4}{Meshing}{chapter.3}% 18
\BOOKMARK [2][-]{subsection.3.4.1}{Ground}{section.3.4}% 19
\BOOKMARK [2][-]{subsection.3.4.2}{Pads}{section.3.4}% 20
\BOOKMARK [0][-]{chapter.4}{Results and Discussion}{}% 21
\BOOKMARK [1][-]{section.4.1}{Interdigitated qubit}{chapter.4}% 22
\BOOKMARK [2][-]{subsection.4.1.1}{The capacitance}{section.4.1}% 23
\BOOKMARK [2][-]{subsection.4.1.2}{The participation ratios}{section.4.1}% 24
\BOOKMARK [1][-]{section.4.2}{Parallel pad qubit}{chapter.4}% 25
\BOOKMARK [2][-]{subsection.4.2.1}{The capacitance}{section.4.2}% 26
\BOOKMARK [2][-]{subsection.4.2.2}{The participation ratios}{section.4.2}% 27
\BOOKMARK [1][-]{section.4.3}{Further Discussion}{chapter.4}% 28
\BOOKMARK [0][-]{chapter.5}{Conclusion}{}% 29
\BOOKMARK [0][-]{appendix*.40}{Bibliography}{}% 30
\BOOKMARK [0][-]{Appendix.1.A}{Appendix CST procedure}{}% 31
\BOOKMARK [1][-]{section.1.A.1}{Creating a new project}{Appendix.1.A}% 32
\BOOKMARK [1][-]{section.1.A.2}{The capacitance}{Appendix.1.A}% 33
\BOOKMARK [2][-]{subsection.1.A.2.1}{Modeling}{section.1.A.2}% 34
\BOOKMARK [2][-]{subsection.1.A.2.2}{Meshing}{section.1.A.2}% 35
\BOOKMARK [2][-]{subsection.1.A.2.3}{Post processing}{section.1.A.2}% 36
\BOOKMARK [2][-]{subsection.1.A.2.4}{Simulation setup}{section.1.A.2}% 37
\BOOKMARK [1][-]{section.1.A.3}{The electric field}{Appendix.1.A}% 38
\BOOKMARK [2][-]{subsection.1.A.3.1}{Modeling}{section.1.A.3}% 39
\BOOKMARK [2][-]{subsection.1.A.3.2}{Meshing}{section.1.A.3}% 40
\BOOKMARK [2][-]{subsection.1.A.3.3}{Simulation setup}{section.1.A.3}% 41
\BOOKMARK [2][-]{subsection.1.A.3.4}{Exporting data}{section.1.A.3}% 42
\BOOKMARK [0][-]{Appendix.1.B}{Appendix Matlab procedure}{}% 43
